d:\mygame\nekoengine\debug\142.pdb
d:\mygame\nekoengine\debug\142.idb
d:\mygame\nekoengine\debug\d3d11skyboxmodel.obj
d:\mygame\nekoengine\debug\d3d11directionallightrender.obj
d:\mygame\nekoengine\debug\d3d11renderthread.obj
d:\mygame\nekoengine\debug\d3d11pointlightrender.obj
d:\mygame\nekoengine\debug\d3d11particlemodel.obj
d:\mygame\nekoengine\debug\d3d11oceanmodel.obj
d:\mygame\nekoengine\debug\d3d11mvp.obj
d:\mygame\nekoengine\debug\d3d11model.obj
d:\mygame\nekoengine\debug\d3d11class.obj
d:\mygame\nekoengine\debug\d3d11ambientlightrender.obj
d:\mygame\nekoengine\debug\collisionobject.obj
d:\mygame\nekoengine\debug\cascadedmatrixset.obj
d:\mygame\nekoengine\debug\camera.obj
d:\mygame\nekoengine\debug\animeobj.obj
d:\mygame\nekoengine\debug\menubareditor.obj
d:\mygame\nekoengine\debug\main.obj
d:\mygame\nekoengine\debug\lightmanager.obj
d:\mygame\nekoengine\debug\kminputmanager.obj
d:\mygame\nekoengine\debug\d3d11lightrendermanager.obj
d:\mygame\nekoengine\debug\imgui_widgets.obj
d:\mygame\nekoengine\debug\imgui_draw.obj
d:\mygame\nekoengine\debug\imgui_demo.obj
d:\mygame\nekoengine\debug\imgui.obj
d:\mygame\nekoengine\debug\functionhelper.obj
d:\mygame\nekoengine\debug\frustumculling.obj
d:\mygame\nekoengine\debug\fbxloader.obj
d:\mygame\nekoengine\debug\editorcamera.obj
d:\mygame\nekoengine\debug\dxinf.obj
d:\mygame\nekoengine\debug\d3d11texturerecord.obj
d:\mygame\nekoengine\debug\d3d11terrainmodel.obj
d:\mygame\nekoengine\debug\d3d11spotlightrender.obj
d:\mygame\nekoengine\debug\maineditor.obj
d:\mygame\nekoengine\debug\windowapplication.obj
d:\mygame\nekoengine\debug\threadhandle.obj
d:\mygame\nekoengine\debug\textureloader.obj
d:\mygame\nekoengine\debug\saveloadmanager.obj
d:\mygame\nekoengine\debug\quadtree.obj
d:\mygame\nekoengine\debug\physicusercallback.obj
d:\mygame\nekoengine\debug\physicmanager.obj
d:\mygame\nekoengine\debug\physiccallbackmanager.obj
d:\mygame\nekoengine\debug\perspectivecamera.obj
d:\mygame\nekoengine\debug\particleobj.obj
d:\mygame\nekoengine\debug\orthogonalcamera.obj
d:\mygame\nekoengine\debug\objmanager.obj
d:\mygame\nekoengine\debug\nekoengine.obj
d:\mygame\nekoengine\debug\modelproperty.obj
d:\mygame\nekoengine\debug\modelinf.obj
d:\mygame\nekoengine\debug\modelhierachyui.obj
d:\mygame\nekoengine\debug\d3d11alphagbufferrenderthread.obj
d:\mygame\nekoengine\debug\d3d11texturecombine.obj
d:\mygame\nekoengine\debug\d3d11shader.obj
d:\mygame\nekoengine\debug\d3d11imguirender.obj
d:\mygame\nekoengine\debug\d3d11gbuffershadermanager.obj
d:\mygame\nekoengine\debug\d3d11windowrender.obj
d:\mygame\nekoengine\debug\d3d11planemodel.obj
d:\mygame\nekoengine\debug\d3d11voxelizationthread.obj
d:\mygame\nekoengine\debug\d3d11shadowmanagerthread.obj
d:\mygame\nekoengine\debug\d3d11gbufferrenderthread.obj
d:\mygame\nekoengine\debug\nekoinf.obj
d:\mygame\nekoengine\debug\d3d12class.obj
d:\mygame\nekoengine\debug\d3d11luminationcal.obj
d:\mygame\nekoengine\debug\postfx.obj
d:\mygame\nekoengine\build\nekoengine.lib
d:\mygame\nekoengine\build\nekoengine.ilk
d:\mygame\nekoengine\build\nekoengine.exe
d:\mygame\nekoengine\build\nekoengine.pdb
d:\mygame\nekoengine\debug\nekoengine.ilk
d:\mygame\nekoengine\debug\141.idb
d:\mygame\nekoengine\debug\nekoengine.idb
d:\mygame\nekoengine\debug\vc141.idb
d:\mygame\nekoengine\debug\141.pdb
d:\mygame\nekoengine\debug\vc141.pdb
d:\mygame\nekoengine\debug\nekoengine.tlog\cl.command.1.tlog
d:\mygame\nekoengine\debug\nekoengine.tlog\cl.read.1.tlog
d:\mygame\nekoengine\debug\nekoengine.tlog\cl.write.1.tlog
d:\mygame\nekoengine\debug\nekoengine.tlog\lib-link.read.1.tlog
d:\mygame\nekoengine\debug\nekoengine.tlog\lib-link.write.1.tlog
d:\mygame\nekoengine\debug\nekoengine.tlog\lib.command.1.tlog
d:\mygame\nekoengine\debug\nekoengine.tlog\link.command.1.tlog
d:\mygame\nekoengine\debug\nekoengine.tlog\link.read.1.tlog
d:\mygame\nekoengine\debug\nekoengine.tlog\link.write.1.tlog
d:\mygame\nekoengine\debug\nekoengine.tlog\nekoengine.write.1u.tlog
