  UIManager.cpp
D:\MyGame\NekoEngine\UIManager.cpp(21,9): warning C4018: '>=': signed と unsigned の数値を比較しようとしました。
DirectXTex.lib(BC.obj) : warning LNK4099: PDB 'DirectXTex.pdb' が 'DirectXTex.lib(BC.obj)' で、または 'D:\MyGame\NekoEngine\Build\DirectXTex.pdb' に見つかりません。デバッグ情報がないものとして、オブジェクトにリンクします。
DirectXTex.lib(BC4BC5.obj) : warning LNK4099: PDB 'DirectXTex.pdb' が 'DirectXTex.lib(BC4BC5.obj)' で、または 'D:\MyGame\NekoEngine\Build\DirectXTex.pdb' に見つかりません。デバッグ情報がないものとして、オブジェクトにリンクします。
DirectXTex.lib(BC6HBC7.obj) : warning LNK4099: PDB 'DirectXTex.pdb' が 'DirectXTex.lib(BC6HBC7.obj)' で、または 'D:\MyGame\NekoEngine\Build\DirectXTex.pdb' に見つかりません。デバッグ情報がないものとして、オブジェクトにリンクします。
DirectXTex.lib(DirectXTexCompress.obj) : warning LNK4099: PDB 'DirectXTex.pdb' が 'DirectXTex.lib(DirectXTexCompress.obj)' で、または 'D:\MyGame\NekoEngine\Build\DirectXTex.pdb' に見つかりません。デバッグ情報がないものとして、オブジェクトにリンクします。
DirectXTex.lib(DirectXTexConvert.obj) : warning LNK4099: PDB 'DirectXTex.pdb' が 'DirectXTex.lib(DirectXTexConvert.obj)' で、または 'D:\MyGame\NekoEngine\Build\DirectXTex.pdb' に見つかりません。デバッグ情報がないものとして、オブジェクトにリンクします。
DirectXTex.lib(DirectXTexD3D11.obj) : warning LNK4099: PDB 'DirectXTex.pdb' が 'DirectXTex.lib(DirectXTexD3D11.obj)' で、または 'D:\MyGame\NekoEngine\Build\DirectXTex.pdb' に見つかりません。デバッグ情報がないものとして、オブジェクトにリンクします。
DirectXTex.lib(DirectXTexImage.obj) : warning LNK4099: PDB 'DirectXTex.pdb' が 'DirectXTex.lib(DirectXTexImage.obj)' で、または 'D:\MyGame\NekoEngine\Build\DirectXTex.pdb' に見つかりません。デバッグ情報がないものとして、オブジェクトにリンクします。
DirectXTex.lib(DirectXTexMipMaps.obj) : warning LNK4099: PDB 'DirectXTex.pdb' が 'DirectXTex.lib(DirectXTexMipMaps.obj)' で、または 'D:\MyGame\NekoEngine\Build\DirectXTex.pdb' に見つかりません。デバッグ情報がないものとして、オブジェクトにリンクします。
DirectXTex.lib(DirectXTexUtil.obj) : warning LNK4099: PDB 'DirectXTex.pdb' が 'DirectXTex.lib(DirectXTexUtil.obj)' で、または 'D:\MyGame\NekoEngine\Build\DirectXTex.pdb' に見つかりません。デバッグ情報がないものとして、オブジェクトにリンクします。
DirectXTex.lib(DirectXTexWIC.obj) : warning LNK4099: PDB 'DirectXTex.pdb' が 'DirectXTex.lib(DirectXTexWIC.obj)' で、または 'D:\MyGame\NekoEngine\Build\DirectXTex.pdb' に見つかりません。デバッグ情報がないものとして、オブジェクトにリンクします。
PhysXCharacterKinematic_static_32.lib(CctBoxController.obj) : warning LNK4099: PDB 'PhysXCharacterKinematic_static_32.pdb' が 'PhysXCharacterKinematic_static_32.lib(CctBoxController.obj)' で、または 'D:\MyGame\NekoEngine\Build\PhysXCharacterKinematic_static_32.pdb' に見つかりません。デバッグ情報がないものとして、オブジェクトにリンクします。
PhysXCharacterKinematic_static_32.lib(CctCapsuleController.obj) : warning LNK4099: PDB 'PhysXCharacterKinematic_static_32.pdb' が 'PhysXCharacterKinematic_static_32.lib(CctCapsuleController.obj)' で、または 'D:\MyGame\NekoEngine\Build\PhysXCharacterKinematic_static_32.pdb' に見つかりません。デバッグ情報がないものとして、オブジェクトにリンクします。
PhysXCharacterKinematic_static_32.lib(CctCharacterController.obj) : warning LNK4099: PDB 'PhysXCharacterKinematic_static_32.pdb' が 'PhysXCharacterKinematic_static_32.lib(CctCharacterController.obj)' で、または 'D:\MyGame\NekoEngine\Build\PhysXCharacterKinematic_static_32.pdb' に見つかりません。デバッグ情報がないものとして、オブジェクトにリンクします。
PhysXCharacterKinematic_static_32.lib(CctCharacterControllerCallbacks.obj) : warning LNK4099: PDB 'PhysXCharacterKinematic_static_32.pdb' が 'PhysXCharacterKinematic_static_32.lib(CctCharacterControllerCallbacks.obj)' で、または 'D:\MyGame\NekoEngine\Build\PhysXCharacterKinematic_static_32.pdb' に見つかりません。デバッグ情報がないものとして、オブジェクトにリンクします。
PhysXCharacterKinematic_static_32.lib(CctCharacterControllerManager.obj) : warning LNK4099: PDB 'PhysXCharacterKinematic_static_32.pdb' が 'PhysXCharacterKinematic_static_32.lib(CctCharacterControllerManager.obj)' で、または 'D:\MyGame\NekoEngine\Build\PhysXCharacterKinematic_static_32.pdb' に見つかりません。デバッグ情報がないものとして、オブジェクトにリンクします。
PhysXCharacterKinematic_static_32.lib(CctController.obj) : warning LNK4099: PDB 'PhysXCharacterKinematic_static_32.pdb' が 'PhysXCharacterKinematic_static_32.lib(CctController.obj)' で、または 'D:\MyGame\NekoEngine\Build\PhysXCharacterKinematic_static_32.pdb' に見つかりません。デバッグ情報がないものとして、オブジェクトにリンクします。
PhysXCharacterKinematic_static_32.lib(CctObstacleContext.obj) : warning LNK4099: PDB 'PhysXCharacterKinematic_static_32.pdb' が 'PhysXCharacterKinematic_static_32.lib(CctObstacleContext.obj)' で、または 'D:\MyGame\NekoEngine\Build\PhysXCharacterKinematic_static_32.pdb' に見つかりません。デバッグ情報がないものとして、オブジェクトにリンクします。
PhysXCharacterKinematic_static_32.lib(CctSweptBox.obj) : warning LNK4099: PDB 'PhysXCharacterKinematic_static_32.pdb' が 'PhysXCharacterKinematic_static_32.lib(CctSweptBox.obj)' で、または 'D:\MyGame\NekoEngine\Build\PhysXCharacterKinematic_static_32.pdb' に見つかりません。デバッグ情報がないものとして、オブジェクトにリンクします。
PhysXCharacterKinematic_static_32.lib(CctSweptCapsule.obj) : warning LNK4099: PDB 'PhysXCharacterKinematic_static_32.pdb' が 'PhysXCharacterKinematic_static_32.lib(CctSweptCapsule.obj)' で、または 'D:\MyGame\NekoEngine\Build\PhysXCharacterKinematic_static_32.pdb' に見つかりません。デバッグ情報がないものとして、オブジェクトにリンクします。
PhysXCharacterKinematic_static_32.lib(CctSweptVolume.obj) : warning LNK4099: PDB 'PhysXCharacterKinematic_static_32.pdb' が 'PhysXCharacterKinematic_static_32.lib(CctSweptVolume.obj)' で、または 'D:\MyGame\NekoEngine\Build\PhysXCharacterKinematic_static_32.pdb' に見つかりません。デバッグ情報がないものとして、オブジェクトにリンクします。
PhysXPvdSDK_static_32.lib(PxProfileEventImpl.obj) : warning LNK4099: PDB 'PhysXPvdSDK_static_32.pdb' が 'PhysXPvdSDK_static_32.lib(PxProfileEventImpl.obj)' で、または 'D:\MyGame\NekoEngine\Build\PhysXPvdSDK_static_32.pdb' に見つかりません。デバッグ情報がないものとして、オブジェクトにリンクします。
PhysXPvdSDK_static_32.lib(PxPvd.obj) : warning LNK4099: PDB 'PhysXPvdSDK_static_32.pdb' が 'PhysXPvdSDK_static_32.lib(PxPvd.obj)' で、または 'D:\MyGame\NekoEngine\Build\PhysXPvdSDK_static_32.pdb' に見つかりません。デバッグ情報がないものとして、オブジェクトにリンクします。
PhysXPvdSDK_static_32.lib(PxPvdDataStream.obj) : warning LNK4099: PDB 'PhysXPvdSDK_static_32.pdb' が 'PhysXPvdSDK_static_32.lib(PxPvdDataStream.obj)' で、または 'D:\MyGame\NekoEngine\Build\PhysXPvdSDK_static_32.pdb' に見つかりません。デバッグ情報がないものとして、オブジェクトにリンクします。
PhysXPvdSDK_static_32.lib(PxPvdDefaultSocketTransport.obj) : warning LNK4099: PDB 'PhysXPvdSDK_static_32.pdb' が 'PhysXPvdSDK_static_32.lib(PxPvdDefaultSocketTransport.obj)' で、または 'D:\MyGame\NekoEngine\Build\PhysXPvdSDK_static_32.pdb' に見つかりません。デバッグ情報がないものとして、オブジェクトにリンクします。
PhysXPvdSDK_static_32.lib(PxPvdImpl.obj) : warning LNK4099: PDB '' が 'PhysXPvdSDK_static_32.lib(PxPvdImpl.obj)' で、または '' に見つかりません。デバッグ情報がないものとして、オブジェクトにリンクします。
PhysXPvdSDK_static_32.lib(PxPvdMemClient.obj) : warning LNK4099: PDB 'PhysXPvdSDK_static_32.pdb' が 'PhysXPvdSDK_static_32.lib(PxPvdMemClient.obj)' で、または 'D:\MyGame\NekoEngine\Build\PhysXPvdSDK_static_32.pdb' に見つかりません。デバッグ情報がないものとして、オブジェクトにリンクします。
PhysXPvdSDK_static_32.lib(PxPvdObjectModelMetaData.obj) : warning LNK4099: PDB 'PhysXPvdSDK_static_32.pdb' が 'PhysXPvdSDK_static_32.lib(PxPvdObjectModelMetaData.obj)' で、または 'D:\MyGame\NekoEngine\Build\PhysXPvdSDK_static_32.pdb' に見つかりません。デバッグ情報がないものとして、オブジェクトにリンクします。
PhysXPvdSDK_static_32.lib(PxPvdObjectRegistrar.obj) : warning LNK4099: PDB 'PhysXPvdSDK_static_32.pdb' が 'PhysXPvdSDK_static_32.lib(PxPvdObjectRegistrar.obj)' で、または 'D:\MyGame\NekoEngine\Build\PhysXPvdSDK_static_32.pdb' に見つかりません。デバッグ情報がないものとして、オブジェクトにリンクします。
PhysXPvdSDK_static_32.lib(PxPvdProfileZoneClient.obj) : warning LNK4099: PDB 'PhysXPvdSDK_static_32.pdb' が 'PhysXPvdSDK_static_32.lib(PxPvdProfileZoneClient.obj)' で、または 'D:\MyGame\NekoEngine\Build\PhysXPvdSDK_static_32.pdb' に見つかりません。デバッグ情報がないものとして、オブジェクトにリンクします。
PhysXExtensions_static_32.lib(ExtCpuWorkerThread.obj) : warning LNK4099: PDB 'PhysXExtensions_static_32.pdb' が 'PhysXExtensions_static_32.lib(ExtCpuWorkerThread.obj)' で、または 'D:\MyGame\NekoEngine\Build\PhysXExtensions_static_32.pdb' に見つかりません。デバッグ情報がないものとして、オブジェクトにリンクします。
PhysXExtensions_static_32.lib(ExtD6Joint.obj) : warning LNK4099: PDB 'PhysXExtensions_static_32.pdb' が 'PhysXExtensions_static_32.lib(ExtD6Joint.obj)' で、または 'D:\MyGame\NekoEngine\Build\PhysXExtensions_static_32.pdb' に見つかりません。デバッグ情報がないものとして、オブジェクトにリンクします。
PhysXExtensions_static_32.lib(ExtDefaultCpuDispatcher.obj) : warning LNK4099: PDB 'PhysXExtensions_static_32.pdb' が 'PhysXExtensions_static_32.lib(ExtDefaultCpuDispatcher.obj)' で、または 'D:\MyGame\NekoEngine\Build\PhysXExtensions_static_32.pdb' に見つかりません。デバッグ情報がないものとして、オブジェクトにリンクします。
PhysXExtensions_static_32.lib(ExtDistanceJoint.obj) : warning LNK4099: PDB 'PhysXExtensions_static_32.pdb' が 'PhysXExtensions_static_32.lib(ExtDistanceJoint.obj)' で、または 'D:\MyGame\NekoEngine\Build\PhysXExtensions_static_32.pdb' に見つかりません。デバッグ情報がないものとして、オブジェクトにリンクします。
PhysXExtensions_static_32.lib(ExtContactJoint.obj) : warning LNK4099: PDB 'PhysXExtensions_static_32.pdb' が 'PhysXExtensions_static_32.lib(ExtContactJoint.obj)' で、または 'D:\MyGame\NekoEngine\Build\PhysXExtensions_static_32.pdb' に見つかりません。デバッグ情報がないものとして、オブジェクトにリンクします。
PhysXExtensions_static_32.lib(ExtExtensions.obj) : warning LNK4099: PDB 'PhysXExtensions_static_32.pdb' が 'PhysXExtensions_static_32.lib(ExtExtensions.obj)' で、または 'D:\MyGame\NekoEngine\Build\PhysXExtensions_static_32.pdb' に見つかりません。デバッグ情報がないものとして、オブジェクトにリンクします。
PhysXExtensions_static_32.lib(ExtFixedJoint.obj) : warning LNK4099: PDB 'PhysXExtensions_static_32.pdb' が 'PhysXExtensions_static_32.lib(ExtFixedJoint.obj)' で、または 'D:\MyGame\NekoEngine\Build\PhysXExtensions_static_32.pdb' に見つかりません。デバッグ情報がないものとして、オブジェクトにリンクします。
PhysXExtensions_static_32.lib(ExtJoint.obj) : warning LNK4099: PDB 'PhysXExtensions_static_32.pdb' が 'PhysXExtensions_static_32.lib(ExtJoint.obj)' で、または 'D:\MyGame\NekoEngine\Build\PhysXExtensions_static_32.pdb' に見つかりません。デバッグ情報がないものとして、オブジェクトにリンクします。
PhysXExtensions_static_32.lib(ExtPrismaticJoint.obj) : warning LNK4099: PDB 'PhysXExtensions_static_32.pdb' が 'PhysXExtensions_static_32.lib(ExtPrismaticJoint.obj)' で、または 'D:\MyGame\NekoEngine\Build\PhysXExtensions_static_32.pdb' に見つかりません。デバッグ情報がないものとして、オブジェクトにリンクします。
PhysXExtensions_static_32.lib(ExtPvd.obj) : warning LNK4099: PDB 'PhysXExtensions_static_32.pdb' が 'PhysXExtensions_static_32.lib(ExtPvd.obj)' で、または 'D:\MyGame\NekoEngine\Build\PhysXExtensions_static_32.pdb' に見つかりません。デバッグ情報がないものとして、オブジェクトにリンクします。
PhysXExtensions_static_32.lib(ExtRevoluteJoint.obj) : warning LNK4099: PDB 'PhysXExtensions_static_32.pdb' が 'PhysXExtensions_static_32.lib(ExtRevoluteJoint.obj)' で、または 'D:\MyGame\NekoEngine\Build\PhysXExtensions_static_32.pdb' に見つかりません。デバッグ情報がないものとして、オブジェクトにリンクします。
PhysXExtensions_static_32.lib(ExtRigidBodyExt.obj) : warning LNK4099: PDB 'PhysXExtensions_static_32.pdb' が 'PhysXExtensions_static_32.lib(ExtRigidBodyExt.obj)' で、または 'D:\MyGame\NekoEngine\Build\PhysXExtensions_static_32.pdb' に見つかりません。デバッグ情報がないものとして、オブジェクトにリンクします。
PhysXExtensions_static_32.lib(ExtSimpleFactory.obj) : warning LNK4099: PDB 'PhysXExtensions_static_32.pdb' が 'PhysXExtensions_static_32.lib(ExtSimpleFactory.obj)' で、または 'D:\MyGame\NekoEngine\Build\PhysXExtensions_static_32.pdb' に見つかりません。デバッグ情報がないものとして、オブジェクトにリンクします。
PhysXExtensions_static_32.lib(ExtSphericalJoint.obj) : warning LNK4099: PDB 'PhysXExtensions_static_32.pdb' が 'PhysXExtensions_static_32.lib(ExtSphericalJoint.obj)' で、または 'D:\MyGame\NekoEngine\Build\PhysXExtensions_static_32.pdb' に見つかりません。デバッグ情報がないものとして、オブジェクトにリンクします。
PhysXExtensions_static_32.lib(ExtTriangleMeshExt.obj) : warning LNK4099: PDB 'PhysXExtensions_static_32.pdb' が 'PhysXExtensions_static_32.lib(ExtTriangleMeshExt.obj)' で、または 'D:\MyGame\NekoEngine\Build\PhysXExtensions_static_32.pdb' に見つかりません。デバッグ情報がないものとして、オブジェクトにリンクします。
PhysXExtensions_static_32.lib(PxExtensionAutoGeneratedMetaDataObjects.obj) : warning LNK4099: PDB 'PhysXExtensions_static_32.pdb' が 'PhysXExtensions_static_32.lib(PxExtensionAutoGeneratedMetaDataObjects.obj)' で、または 'D:\MyGame\NekoEngine\Build\PhysXExtensions_static_32.pdb' に見つかりません。デバッグ情報がないものとして、オブジェクトにリンクします。
PhysXExtensions_static_32.lib(SnJointRepXSerializer.obj) : warning LNK4099: PDB 'PhysXExtensions_static_32.pdb' が 'PhysXExtensions_static_32.lib(SnJointRepXSerializer.obj)' で、または 'D:\MyGame\NekoEngine\Build\PhysXExtensions_static_32.pdb' に見つかりません。デバッグ情報がないものとして、オブジェクトにリンクします。
PhysXExtensions_static_32.lib(SnRepXCoreSerializer.obj) : warning LNK4099: PDB 'PhysXExtensions_static_32.pdb' が 'PhysXExtensions_static_32.lib(SnRepXCoreSerializer.obj)' で、または 'D:\MyGame\NekoEngine\Build\PhysXExtensions_static_32.pdb' に見つかりません。デバッグ情報がないものとして、オブジェクトにリンクします。
  NekoEngine.vcxproj -> D:\MyGame\NekoEngine\Build\NekoEngine.exe
